<?xml version="1.0" encoding="UTF-8"?>
<!-- Generated by org.testng.reporters.JUnitReportReporter -->
<testsuite hostname="LAPTOP-RH55RME4" failures="0" tests="3" name="TestNG.Groups1" time="0.004" errors="0" timestamp="2023-08-10T10:53:14 IST" skipped="1">
  <testcase classname="TestNG.Groups1" name="Test2" time="0.002"/>
  <testcase classname="TestNG.Groups1" name="Test3" time="0.002"/>
  <testcase classname="TestNG.Groups1" name="Test1">
    <skipped/>
  </testcase> <!-- Test1 -->
</testsuite> <!-- TestNG.Groups1 -->
