<?xml version="1.0" encoding="UTF-8"?>
<!-- Generated by org.testng.reporters.JUnitReportReporter -->
<testsuite hostname="LAPTOP-RH55RME4" failures="0" tests="4" name="TestNG.Groups2" time="0.018" errors="0" timestamp="2023-08-10T10:53:14 IST" skipped="1">
  <testcase classname="TestNG.Groups2" name="Test5" time="0.014"/>
  <testcase classname="TestNG.Groups2" name="Test7" time="0.001"/>
  <testcase classname="TestNG.Groups2" name="Test6" time="0.003"/>
  <testcase classname="TestNG.Groups2" name="Test4">
    <skipped/>
  </testcase> <!-- Test4 -->
</testsuite> <!-- TestNG.Groups2 -->
