<?xml version="1.0" encoding="UTF-8"?>
<!-- Generated by org.testng.reporters.JUnitReportReporter -->
<testsuite hostname="LAPTOP-RH55RME4" failures="0" tests="3" name="TestNG_Practice.TestClass1" time="0.026" errors="0" timestamp="2023-08-22T15:40:29 IST" skipped="0">
  <testcase classname="TestNG_Practice.TestClass1" name="TestMethod1" time="0.012"/>
  <testcase classname="TestNG_Practice.TestClass1" name="TestMethod2" time="0.012"/>
  <testcase classname="TestNG_Practice.TestClass1" name="TestMethod3" time="0.002"/>
</testsuite> <!-- TestNG_Practice.TestClass1 -->
