<?xml version="1.0" encoding="UTF-8"?>
<!-- Generated by org.testng.reporters.JUnitReportReporter -->
<testsuite hostname="LAPTOP-RH55RME4" failures="0" tests="2" name="TestNG.DataProviderSeperateTestMethodClass" time="0.012" errors="0" timestamp="2023-08-10T19:37:36 IST" skipped="0">
  <testcase classname="TestNG.DataProviderSeperateTestMethodClass" name="TestMethod" time="0.002"/>
  <testcase classname="TestNG.DataProviderSeperateTestMethodClass" name="TestMethod" time="0.010"/>
</testsuite> <!-- TestNG.DataProviderSeperateTestMethodClass -->
