<?xml version="1.0" encoding="UTF-8"?>
<!-- Generated by org.testng.reporters.JUnitReportReporter -->
<testsuite hostname="LAPTOP-RH55RME4" failures="0" tests="6" name="TestNG_Practice.grouping" time="0.050" errors="0" timestamp="2023-08-20T21:51:29 IST" skipped="0">
  <testcase classname="TestNG_Practice.grouping" name="TestMethod5" time="0.003"/>
  <testcase classname="TestNG_Practice.grouping" name="TestMethod6" time="0.002"/>
  <testcase classname="TestNG_Practice.grouping" name="TestMethod4" time="0.014"/>
  <testcase classname="TestNG_Practice.grouping" name="TestMethod3" time="0.011"/>
  <testcase classname="TestNG_Practice.grouping" name="TestMethod1" time="0.003"/>
  <testcase classname="TestNG_Practice.grouping" name="TestMethod2" time="0.017"/>
</testsuite> <!-- TestNG_Practice.grouping -->
