<?xml version="1.0" encoding="UTF-8"?>
<!-- Generated by org.testng.reporters.JUnitReportReporter -->
<testsuite hostname="LAPTOP-RH55RME4" failures="0" tests="3" name="TestNG_Practice.TestClass3" time="0.018" errors="0" timestamp="2023-08-22T15:40:29 IST" skipped="0">
  <testcase classname="TestNG_Practice.TestClass3" name="TestMethod7" time="0.007"/>
  <testcase classname="TestNG_Practice.TestClass3" name="TestMethod9" time="0.007"/>
  <testcase classname="TestNG_Practice.TestClass3" name="TestMethod8" time="0.004"/>
</testsuite> <!-- TestNG_Practice.TestClass3 -->
