<?xml version="1.0" encoding="UTF-8"?>
<!-- Generated by org.testng.reporters.JUnitReportReporter -->
<testsuite hostname="LAPTOP-RH55RME4" failures="0" tests="3" name="TestNG.Annotations" time="0.016" errors="0" timestamp="2023-08-07T18:29:37 IST" skipped="0">
  <testcase classname="TestNG.Annotations" name="Test2" time="0.004"/>
  <testcase classname="TestNG.Annotations" name="Test3" time="0.003"/>
  <testcase classname="TestNG.Annotations" name="Test1" time="0.009"/>
</testsuite> <!-- TestNG.Annotations -->
