<?xml version="1.0" encoding="UTF-8"?>
<!-- Generated by org.testng.reporters.JUnitReportReporter -->
<testsuite hostname="LAPTOP-RH55RME4" failures="0" tests="3" name="TestNG.TestCase2" time="0.026" errors="0" timestamp="2023-08-07T19:03:20 IST" skipped="0">
  <testcase classname="TestNG.TestCase2" name="Test4" time="0.009"/>
  <testcase classname="TestNG.TestCase2" name="Test5" time="0.007"/>
  <testcase classname="TestNG.TestCase2" name="Test6" time="0.010"/>
</testsuite> <!-- TestNG.TestCase2 -->
