<?xml version="1.0" encoding="UTF-8"?>
<!-- Generated by org.testng.reporters.JUnitReportReporter -->
<testsuite hostname="LAPTOP-RH55RME4" failures="0" tests="4" name="TestNG_Practice.testMethod" time="2.454" errors="0" timestamp="2023-08-19T21:36:41 IST" skipped="0">
  <testcase classname="TestNG_Practice.testMethod" name="signIn" time="0.466"/>
  <testcase classname="TestNG_Practice.testMethod" name="enterStore" time="1.059"/>
  <testcase classname="TestNG_Practice.testMethod" name="launch" time="0.874"/>
  <testcase classname="TestNG_Practice.testMethod" name="verifyLogo" time="0.055"/>
</testsuite> <!-- TestNG_Practice.testMethod -->
