<?xml version="1.0" encoding="UTF-8"?>
<!-- Generated by org.testng.reporters.JUnitReportReporter -->
<testsuite hostname="LAPTOP-RH55RME4" failures="0" tests="1" name="TestNG_Practice.demo" time="0.043" errors="0" timestamp="2023-08-23T19:28:29 IST" skipped="0">
  <testcase classname="TestNG_Practice.demo" name="login" time="0.043"/>
</testsuite> <!-- TestNG_Practice.demo -->
