<?xml version="1.0" encoding="UTF-8"?>
<!-- Generated by org.testng.reporters.JUnitReportReporter -->
<testsuite hostname="LAPTOP-RH55RME4" failures="0" tests="2" name="TestNG.demo" time="22.748" errors="0" timestamp="2023-08-19T15:54:25 IST" skipped="0">
  <testcase classname="TestNG.demo" name="orangehrm" time="14.424"/>
  <testcase classname="TestNG.demo" name="google" time="8.324"/>
</testsuite> <!-- TestNG.demo -->
