<?xml version="1.0" encoding="UTF-8"?>
<!-- Generated by org.testng.reporters.JUnitReportReporter -->
<testsuite hostname="LAPTOP-RH55RME4" failures="0" tests="5" name="TestNG.DataProvider2" time="0.019" errors="0" timestamp="2023-08-10T18:41:56 IST" skipped="0">
  <testcase classname="TestNG.DataProvider2" name="LoginPage" time="0.002"/>
  <testcase classname="TestNG.DataProvider2" name="LoginPage" time="0.003"/>
  <testcase classname="TestNG.DataProvider2" name="LoginPage" time="0.002"/>
  <testcase classname="TestNG.DataProvider2" name="LoginPage" time="0.002"/>
  <testcase classname="TestNG.DataProvider2" name="LoginPage" time="0.010"/>
</testsuite> <!-- TestNG.DataProvider2 -->
