<?xml version="1.0" encoding="UTF-8"?>
<!-- Generated by org.testng.reporters.JUnitReportReporter -->
<testsuite hostname="LAPTOP-RH55RME4" failures="0" tests="1" name="TestNG_Practice.All_Annotations" time="0.013" errors="0" timestamp="2023-08-19T19:31:32 IST" skipped="0">
  <testcase classname="TestNG_Practice.All_Annotations" name="TestMethod" time="0.013"/>
</testsuite> <!-- TestNG_Practice.All_Annotations -->
