<?xml version="1.0" encoding="UTF-8"?>
<!-- Generated by org.testng.reporters.JUnitReportReporter -->
<testsuite hostname="LAPTOP-RH55RME4" failures="0" tests="6" name="TestNG_Practice.TestGrouping" time="0.046" errors="0" timestamp="2023-08-20T21:50:03 IST" skipped="0">
  <testcase classname="TestNG_Practice.TestGrouping" name="TestMethod5" time="0.002"/>
  <testcase classname="TestNG_Practice.TestGrouping" name="TestMethod6" time="0.003"/>
  <testcase classname="TestNG_Practice.TestGrouping" name="TestMethod4" time="0.028"/>
  <testcase classname="TestNG_Practice.TestGrouping" name="TestMethod3" time="0.007"/>
  <testcase classname="TestNG_Practice.TestGrouping" name="TestMethod1" time="0.002"/>
  <testcase classname="TestNG_Practice.TestGrouping" name="TestMethod2" time="0.004"/>
</testsuite> <!-- TestNG_Practice.TestGrouping -->
