<?xml version="1.0" encoding="UTF-8"?>
<!-- Generated by org.testng.reporters.JUnitReportReporter -->
<testsuite hostname="LAPTOP-RH55RME4" failures="0" tests="3" name="TestNG_Practice.TestClass2" time="0.022" errors="0" timestamp="2023-08-22T15:39:39 IST" skipped="0">
  <testcase classname="TestNG_Practice.TestClass2" name="TestMethod4" time="0.013"/>
  <testcase classname="TestNG_Practice.TestClass2" name="TestMethod5" time="0.003"/>
  <testcase classname="TestNG_Practice.TestClass2" name="TestMethod6" time="0.006"/>
</testsuite> <!-- TestNG_Practice.TestClass2 -->
