<?xml version="1.0" encoding="UTF-8"?>
<!-- Generated by org.testng.reporters.JUnitReportReporter -->
<testsuite hostname="LAPTOP-RH55RME4" failures="0" tests="8" name="TestNG_Practice.TestDependesOnGroups" time="0.031" errors="0" timestamp="2023-08-21T05:13:32 IST" skipped="0">
  <testcase classname="TestNG_Practice.TestDependesOnGroups" name="test1" time="0.013"/>
  <testcase classname="TestNG_Practice.TestDependesOnGroups" name="test8" time="0.002"/>
  <testcase classname="TestNG_Practice.TestDependesOnGroups" name="test4" time="0.005"/>
  <testcase classname="TestNG_Practice.TestDependesOnGroups" name="test2" time="0.003"/>
  <testcase classname="TestNG_Practice.TestDependesOnGroups" name="test7" time="0.002"/>
  <testcase classname="TestNG_Practice.TestDependesOnGroups" name="test5" time="0.002"/>
  <testcase classname="TestNG_Practice.TestDependesOnGroups" name="test6" time="0.002"/>
  <testcase classname="TestNG_Practice.TestDependesOnGroups" name="test3" time="0.002"/>
</testsuite> <!-- TestNG_Practice.TestDependesOnGroups -->
