<?xml version="1.0" encoding="UTF-8"?>
<!-- Generated by org.testng.reporters.JUnitReportReporter -->
<testsuite hostname="LAPTOP-RH55RME4" failures="0" tests="6" name="TestNG_Practice.groups" time="0.045" errors="0" timestamp="2023-08-20T22:10:40 IST" skipped="0">
  <testcase classname="TestNG_Practice.groups" name="TestMethod4" time="0.003"/>
  <testcase classname="TestNG_Practice.groups" name="TestMethod1" time="0.019"/>
  <testcase classname="TestNG_Practice.groups" name="TestMethod5" time="0.004"/>
  <testcase classname="TestNG_Practice.groups" name="TestMethod2" time="0.011"/>
  <testcase classname="TestNG_Practice.groups" name="TestMethod6" time="0.003"/>
  <testcase classname="TestNG_Practice.groups" name="TestMethod3" time="0.005"/>
</testsuite> <!-- TestNG_Practice.groups -->
