<?xml version="1.0" encoding="UTF-8"?>
<!-- Generated by org.testng.reporters.JUnitReportReporter -->
<testsuite hostname="LAPTOP-RH55RME4" failures="0" tests="1" name="TestNGPractice.integrationExcel" time="0.859" errors="0" timestamp="2023-08-29T12:51:14 IST" skipped="0">
  <testcase classname="TestNGPractice.integrationExcel" name="getvalues" time="0.859"/>
</testsuite> <!-- TestNGPractice.integrationExcel -->
