<?xml version="1.0" encoding="UTF-8"?>
<!-- Generated by org.testng.reporters.JUnitReportReporter -->
<testsuite hostname="LAPTOP-RH55RME4" failures="0" tests="2" name="TestNG.DataProvider_Partially_UsingIndices" time="0.021" errors="0" timestamp="2023-08-11T16:39:15 IST" skipped="0">
  <testcase classname="TestNG.DataProvider_Partially_UsingIndices" name="LoginPage" time="0.006"/>
  <testcase classname="TestNG.DataProvider_Partially_UsingIndices" name="LoginPage" time="0.015"/>
</testsuite> <!-- TestNG.DataProvider_Partially_UsingIndices -->
