<?xml version="1.0" encoding="UTF-8"?>
<!-- Generated by org.testng.reporters.JUnitReportReporter -->
<testsuite hostname="LAPTOP-RH55RME4" failures="0" tests="3" name="TestNG.TestClass2" time="0.025" errors="0" timestamp="2023-08-13T19:04:02 IST" skipped="0">
  <testcase classname="TestNG.TestClass2" name="TestMethod4" time="0.014"/>
  <testcase classname="TestNG.TestClass2" name="TestMethod5" time="0.006"/>
  <testcase classname="TestNG.TestClass2" name="TestMethod6" time="0.005"/>
</testsuite> <!-- TestNG.TestClass2 -->
