<?xml version="1.0" encoding="UTF-8"?>
<!-- Generated by org.testng.reporters.JUnitReportReporter -->
<testsuite hostname="LAPTOP-RH55RME4" failures="0" tests="6" name="TestNG_Practice.TestDependencyOnGroups" time="0.036" errors="0" timestamp="2023-08-20T21:47:29 IST" skipped="1">
  <testcase classname="TestNG_Practice.TestDependencyOnGroups" name="test3" time="0.008"/>
  <testcase classname="TestNG_Practice.TestDependencyOnGroups" name="test2" time="0.003"/>
  <testcase classname="TestNG_Practice.TestDependencyOnGroups" name="test1" time="0.017"/>
  <testcase classname="TestNG_Practice.TestDependencyOnGroups" name="test4" time="0.002"/>
  <testcase classname="TestNG_Practice.TestDependencyOnGroups" name="test0" time="0.000">
    <skipped/>
  </testcase> <!-- test0 -->
  <testcase classname="TestNG_Practice.TestDependencyOnGroups" name="test5" time="0.006"/>
</testsuite> <!-- TestNG_Practice.TestDependencyOnGroups -->
