<?xml version="1.0" encoding="UTF-8"?>
<!-- Generated by org.testng.reporters.JUnitReportReporter -->
<testsuite hostname="LAPTOP-RH55RME4" failures="0" tests="3" name="TestNG.demo3" time="53.437" errors="0" timestamp="2023-08-12T16:02:48 IST" skipped="0">
  <testcase classname="TestNG.demo3" name="log" time="16.707"/>
  <testcase classname="TestNG.demo3" name="log" time="16.003"/>
  <testcase classname="TestNG.demo3" name="log" time="20.727"/>
</testsuite> <!-- TestNG.demo3 -->
