<?xml version="1.0" encoding="UTF-8"?>
<!-- Generated by org.testng.reporters.JUnitReportReporter -->
<testsuite hostname="LAPTOP-RH55RME4" failures="0" tests="3" name="TestNG.TestClass1" time="0.026" errors="0" timestamp="2023-08-13T19:04:02 IST" skipped="0">
  <testcase classname="TestNG.TestClass1" name="TestMethod2" time="0.004"/>
  <testcase classname="TestNG.TestClass1" name="TestMethod3" time="0.008"/>
  <testcase classname="TestNG.TestClass1" name="TestMethod1" time="0.014"/>
</testsuite> <!-- TestNG.TestClass1 -->
