<?xml version="1.0" encoding="UTF-8"?>
<!-- Generated by org.testng.reporters.JUnitReportReporter -->
<testsuite hostname="LAPTOP-RH55RME4" failures="0" tests="1" name="TestNG.Assertions_soft_hard" time="8.823" errors="0" timestamp="2023-08-05T14:18:41 IST" skipped="0">
  <testcase classname="TestNG.Assertions_soft_hard" name="loginpage" time="8.823"/>
</testsuite> <!-- TestNG.Assertions_soft_hard -->
