<?xml version="1.0" encoding="UTF-8"?>
<!-- Generated by org.testng.reporters.JUnitReportReporter -->
<testsuite hostname="LAPTOP-RH55RME4" failures="0" tests="6" name="TestNG_Practice.dependencyGroups" time="0.026" errors="0" timestamp="2023-08-20T19:55:36 IST" skipped="0">
  <testcase classname="TestNG_Practice.dependencyGroups" name="test1" time="0.003"/>
  <testcase classname="TestNG_Practice.dependencyGroups" name="test2" time="0.002"/>
  <testcase classname="TestNG_Practice.dependencyGroups" name="test0" time="0.011"/>
  <testcase classname="TestNG_Practice.dependencyGroups" name="test4" time="0.003"/>
  <testcase classname="TestNG_Practice.dependencyGroups" name="test5" time="0.003"/>
  <testcase classname="TestNG_Practice.dependencyGroups" name="test3" time="0.004"/>
</testsuite> <!-- TestNG_Practice.dependencyGroups -->
