<?xml version="1.0" encoding="UTF-8"?>
<!-- Generated by org.testng.reporters.JUnitReportReporter -->
<testsuite hostname="LAPTOP-RH55RME4" failures="0" tests="4" name="TestNG.Ignoring" time="0.019" errors="0" timestamp="2023-08-09T11:02:46 IST" skipped="0">
  <testcase classname="TestNG.Ignoring" name="Test4" time="0.003"/>
  <testcase classname="TestNG.Ignoring" name="Test3" time="0.002"/>
  <testcase classname="TestNG.Ignoring" name="Test1" time="0.011"/>
  <testcase classname="TestNG.Ignoring" name="Test2" time="0.003"/>
</testsuite> <!-- TestNG.Ignoring -->
