<?xml version="1.0" encoding="UTF-8"?>
<!-- Generated by org.testng.reporters.JUnitReportReporter -->
<testsuite hostname="LAPTOP-RH55RME4" failures="0" tests="3" name="TestNG.TestClass4" time="0.012" errors="0" timestamp="2023-08-13T19:04:02 IST" skipped="0">
  <testcase classname="TestNG.TestClass4" name="TestMethod10" time="0.004"/>
  <testcase classname="TestNG.TestClass4" name="TestMethod12" time="0.004"/>
  <testcase classname="TestNG.TestClass4" name="TestMethod11" time="0.004"/>
</testsuite> <!-- TestNG.TestClass4 -->
