<?xml version="1.0" encoding="UTF-8"?>
<!-- Generated by org.testng.reporters.JUnitReportReporter -->
<testsuite hostname="LAPTOP-RH55RME4" failures="0" tests="3" name="TestNG.TestClass3" time="0.010" errors="0" timestamp="2023-08-13T19:04:02 IST" skipped="0">
  <testcase classname="TestNG.TestClass3" name="TestMethod7" time="0.003"/>
  <testcase classname="TestNG.TestClass3" name="TestMethod9" time="0.002"/>
  <testcase classname="TestNG.TestClass3" name="TestMethod8" time="0.005"/>
</testsuite> <!-- TestNG.TestClass3 -->
