<?xml version="1.0" encoding="UTF-8"?>
<!-- Generated by org.testng.reporters.JUnitReportReporter -->
<testsuite hostname="LAPTOP-RH55RME4" failures="0" tests="2" name="TestNG.DataProvider3" time="0.012" errors="0" timestamp="2023-08-10T19:01:26 IST" skipped="0">
  <testcase classname="TestNG.DataProvider3" name="LoginPage" time="0.002"/>
  <testcase classname="TestNG.DataProvider3" name="LoginPage" time="0.010"/>
</testsuite> <!-- TestNG.DataProvider3 -->
