<?xml version="1.0" encoding="UTF-8"?>
<!-- Generated by org.testng.reporters.JUnitReportReporter -->
<testsuite hostname="LAPTOP-RH55RME4" failures="0" tests="3" name="TestNG.TestCase1" time="0.029" errors="0" timestamp="2023-08-07T19:03:20 IST" skipped="0">
  <testcase classname="TestNG.TestCase1" name="Test3" time="0.007"/>
  <testcase classname="TestNG.TestCase1" name="Test1" time="0.016"/>
  <testcase classname="TestNG.TestCase1" name="Test2" time="0.006"/>
</testsuite> <!-- TestNG.TestCase1 -->
